0 info it worked if it ends with ok
1 verbose cli [ 'X:\\Program Files\\nodejs\\node.exe',
1 verbose cli   'X:\\Program Files\\nodejs\\node_modules\\npm\\bin\\npm-cli.js',
1 verbose cli   'run',
1 verbose cli   'update-test' ]
2 info using npm@3.10.10
3 info using node@v6.10.2
4 verbose run-script [ 'preupdate-test', 'update-test', 'postupdate-test' ]
5 info lifecycle complete-intro-to-react@1.0.0~preupdate-test: complete-intro-to-react@1.0.0
6 silly lifecycle complete-intro-to-react@1.0.0~preupdate-test: no script for preupdate-test, continuing
7 info lifecycle complete-intro-to-react@1.0.0~update-test: complete-intro-to-react@1.0.0
8 verbose lifecycle complete-intro-to-react@1.0.0~update-test: unsafe-perm in lifecycle true
9 verbose lifecycle complete-intro-to-react@1.0.0~update-test: PATH: X:\Program Files\nodejs\node_modules\npm\bin\node-gyp-bin;X:\Development\Learning\React\FrontEndMasters_Tutorial\complete-intro-to-react\node_modules\.bin;C:\Program Files (x86)\ActiveState Komodo Edit 9\;C:\ProgramData\Oracle\Java\javapath;C:\Program Files (x86)\Intel\iCLS Client\;C:\Program Files\Intel\iCLS Client\;C:\Program Files\Common Files\Microsoft Shared\Windows Live;C:\Program Files (x86)\Common Files\Microsoft Shared\Windows Live;C:\Windows\system32;C:\Windows;C:\Windows\System32\Wbem;C:\Windows\System32\WindowsPowerShell\v1.0\;C:\Program Files (x86)\ATI Technologies\ATI.ACE\Core-Static;C:\Program Files (x86)\Windows Live\Shared;C:\Program Files\Intel\Intel(R) Management Engine Components\DAL;C:\Program Files (x86)\Intel\Intel(R) Management Engine Components\DAL;C:\Program Files\Intel\Intel(R) Management Engine Components\IPT;C:\Program Files (x86)\Intel\Intel(R) Management Engine Components\IPT;C:\Program Files (x86)\AMD\ATI.ACE\Core-Static;C:\Python27;C:\WINDOWS\system32;C:\WINDOWS;C:\WINDOWS\System32\Wbem;C:\WINDOWS\System32\WindowsPowerShell\v1.0\;C:\Program Files (x86)\NVIDIA Corporation\PhysX\Common;C:\Program Files\TortoiseGit\bin;X:\Program Files (x86)\Heroku\bin;C:\Program Files (x86)\git\cmd;C:\Program Files (x86)\Git\cmd;C:\Program Files (x86)\Heroku\bin;C:\Program Files\MySQL\MySQL Utilities 1.6\;X:\Program Files\nodejs\;X:\Program Files\Ruby22-x64\bin;C:\Program Files\Java\jdk1.7.0_71\bin;C:\Program Files (x86)\Google\Chrome\Application;C:\Program Files (x86)\ActiveState Komodo Edit 9\;C:\ProgramData\Oracle\Java\javapath;C:\Program Files (x86)\Intel\iCLS Client\;C:\Program Files\Intel\iCLS Client\;C:\Program Files\Common Files\Microsoft Shared\Windows Live;C:\Program Files (x86)\Common Files\Microsoft Shared\Windows Live;C:\Windows\system32;C:\Windows;C:\Windows\System32\Wbem;C:\Windows\System32\WindowsPowerShell\v1.0\;C:\Program Files (x86)\ATI Technologies\ATI.ACE\Core-Static;C:\Program Files (x86)\Windows Live\Shared;C:\Program Files\Intel\Intel(R) Management Engine Components\DAL;C:\Program Files (x86)\Intel\Intel(R) Management Engine Components\DAL;C:\Program Files\Intel\Intel(R) Management Engine Components\IPT;C:\Program Files (x86)\Intel\Intel(R) Management Engine Components\IPT;C:\Program Files (x86)\AMD\ATI.ACE\Core-Static;C:\Python27;X:\Program Files\nodejs\;C:\WINDOWS\system32;C:\WINDOWS;C:\WINDOWS\System32\Wbem;C:\WINDOWS\System32\WindowsPower;X:\Program Files\nodejs;C:\Users\Xander\AppData\Roaming\npm;C:\Users\Xander\AppData\Local\Yarn\config\global\node_modules\.bin
10 verbose lifecycle complete-intro-to-react@1.0.0~update-test: CWD: X:\Development\Learning\React\FrontEndMasters_Tutorial\complete-intro-to-react
11 silly lifecycle complete-intro-to-react@1.0.0~update-test: Args: [ '/d /s /c', 'npm run test -- -u' ]
12 silly lifecycle complete-intro-to-react@1.0.0~update-test: Returned: code: 1  signal: null
13 info lifecycle complete-intro-to-react@1.0.0~update-test: Failed to exec update-test script
14 verbose stack Error: complete-intro-to-react@1.0.0 update-test: `npm run test -- -u`
14 verbose stack Exit status 1
14 verbose stack     at EventEmitter.<anonymous> (X:\Program Files\nodejs\node_modules\npm\lib\utils\lifecycle.js:255:16)
14 verbose stack     at emitTwo (events.js:106:13)
14 verbose stack     at EventEmitter.emit (events.js:191:7)
14 verbose stack     at ChildProcess.<anonymous> (X:\Program Files\nodejs\node_modules\npm\lib\utils\spawn.js:40:14)
14 verbose stack     at emitTwo (events.js:106:13)
14 verbose stack     at ChildProcess.emit (events.js:191:7)
14 verbose stack     at maybeClose (internal/child_process.js:886:16)
14 verbose stack     at Process.ChildProcess._handle.onexit (internal/child_process.js:226:5)
15 verbose pkgid complete-intro-to-react@1.0.0
16 verbose cwd X:\Development\Learning\React\FrontEndMasters_Tutorial\complete-intro-to-react
17 error Windows_NT 10.0.14393
18 error argv "X:\\Program Files\\nodejs\\node.exe" "X:\\Program Files\\nodejs\\node_modules\\npm\\bin\\npm-cli.js" "run" "update-test"
19 error node v6.10.2
20 error npm  v3.10.10
21 error code ELIFECYCLE
22 error complete-intro-to-react@1.0.0 update-test: `npm run test -- -u`
22 error Exit status 1
23 error Failed at the complete-intro-to-react@1.0.0 update-test script 'npm run test -- -u'.
23 error Make sure you have the latest version of node.js and npm installed.
23 error If you do, this is most likely a problem with the complete-intro-to-react package,
23 error not with npm itself.
23 error Tell the author that this fails on your system:
23 error     npm run test -- -u
23 error You can get information on how to open an issue for this project with:
23 error     npm bugs complete-intro-to-react
23 error Or if that isn't available, you can get their info via:
23 error     npm owner ls complete-intro-to-react
23 error There is likely additional logging output above.
24 verbose exit [ 1, true ]
